app/build/outputs/logs/manifest-merger-debug-report.txt
-- Merging decision tree log ---
manifest
ADDED from src\main\AndroidManifest.xml:2:1-149:12
	package
		ADDED from src\main\AndroidManifest.xml:4:5-26
		INJECTED from src\main\AndroidManifest.xml
		INJECTED from src\main\AndroidManifest.xml
	android:versionName
		INJECTED from src\main\AndroidManifest.xml
		INJECTED from src\main\AndroidManifest.xml
	xmlns:tools
		ADDED from src\main\AndroidManifest.xml:3:5-51
	xmlns:android
		ADDED from src\main\AndroidManifest.xml:2:11-69
	android:versionCode
		INJECTED from src\main\AndroidManifest.xml
		INJECTED from src\main\AndroidManifest.xml
uses-permission#android.permission.ACCESS_WIFI_STATE
ADDED from src\main\AndroidManifest.xml:6:5-75
	android:name
		ADDED from src\main\AndroidManifest.xml:6:22-73
uses-permission#android.permission.CHANGE_WIFI_STATE
ADDED from src\main\AndroidManifest.xml:7:5-76
	android:name
		ADDED from src\main\AndroidManifest.xml:7:22-73
uses-permission#android.permission.RECEIVE_BOOT_COMPLETED
ADDED from src\main\AndroidManifest.xml:8:5-80
	android:name
		ADDED from src\main\AndroidManifest.xml:8:22-78
uses-permission#android.permission.INTERNET
ADDED from src\main\AndroidManifest.xml:9:5-66
	android:name
		ADDED from src\main\AndroidManifest.xml:9:22-64
uses-permission#android.permission.ACCESS_NETWORK_STATE
ADDED from src\main\AndroidManifest.xml:10:5-78
	android:name
		ADDED from src\main\AndroidManifest.xml:10:22-76
uses-permission#android.permission.MOUNT_UNMOUNT_FILESYSTEMS
ADDED from src\main\AndroidManifest.xml:11:5-83
	android:name
		ADDED from src\main\AndroidManifest.xml:11:22-81
uses-permission#android.permission.WRITE_EXTERNAL_STORAGE
ADDED from src\main\AndroidManifest.xml:12:5-80
MERGED from [com.squareup.leakcanary:leakcanary-android:1.5] AndroidManifest.xml:26:5-81
	android:name
		ADDED from src\main\AndroidManifest.xml:12:22-78
uses-permission#android.permission.PACKAGE_USAGE_STATS
ADDED from src\main\AndroidManifest.xml:13:5-77
	android:name
		ADDED from src\main\AndroidManifest.xml:13:22-75
uses-permission#android.permission.INSTALL_PACKAGES
ADDED from src\main\AndroidManifest.xml:14:5-74
	android:name
		ADDED from src\main\AndroidManifest.xml:14:22-72
uses-permission#android.permission.MANAGE_USB
ADDED from src\main\AndroidManifest.xml:15:5-68
	android:name
		ADDED from src\main\AndroidManifest.xml:15:22-66
uses-permission#android.permission.WRITE_SETTINGS
ADDED from src\main\AndroidManifest.xml:16:5-72
	android:name
		ADDED from src\main\AndroidManifest.xml:16:22-70
uses-feature#android.hardware.usb.host
ADDED from src\main\AndroidManifest.xml:18:5-61
	android:name
		ADDED from src\main\AndroidManifest.xml:18:19-59
uses-permission#android.permission.READ_PHONE_STATE
ADDED from src\main\AndroidManifest.xml:19:5-74
	android:name
		ADDED from src\main\AndroidManifest.xml:19:22-72
uses-permission#android.permission.READ_LOGS
ADDED from src\main\AndroidManifest.xml:21:5-67
	android:name
		ADDED from src\main\AndroidManifest.xml:21:22-65
uses-permission#android.permission.WAKE_LOCK
ADDED from src\main\AndroidManifest.xml:22:5-67
	android:name
		ADDED from src\main\AndroidManifest.xml:22:22-65
uses-permission#android.permission.KILL_BACKGROUND_PROCESSES
ADDED from src\main\AndroidManifest.xml:24:5-83
	android:name
		ADDED from src\main\AndroidManifest.xml:24:22-81
uses-permission#android.permission.SYSTEM_ALERT_WINDOW
ADDED from src\main\AndroidManifest.xml:25:5-77
	android:name
		ADDED from src\main\AndroidManifest.xml:25:22-75
uses-permission#android.permission.GET_TASKS
ADDED from src\main\AndroidManifest.xml:26:5-67
	android:name
		ADDED from src\main\AndroidManifest.xml:26:22-65
application
ADDED from src\main\AndroidManifest.xml:29:5-148:19
MERGED from [com.android.support:appcompat-v7:21.0.3] AndroidManifest.xml:16:5-19
MERGED from [com.github.eluleci:flatui:3.0.0] AndroidManifest.xml:9:5-20
MERGED from [com.github.citux:datetimepicker:0.1.2] AndroidManifest.xml:28:5-20
MERGED from [com.android.support:support-v13:21.0.0] AndroidManifest.xml:16:5-19
MERGED from [com.github.barteksc:pdfium-android:1.1.0] AndroidManifest.xml:11:5-14:19
MERGED from [com.android.support:support-v4:23.1.1] AndroidManifest.xml:22:5-20
MERGED from [:updatelib-release:] AndroidManifest.xml:11:5-15:19
MERGED from [com.squareup.leakcanary:leakcanary-android:1.5] AndroidManifest.xml:28:5-57:19
	android:label
		ADDED from src\main\AndroidManifest.xml:34:9-30
		REJECTED from [com.github.barteksc:pdfium-android:1.1.0] AndroidManifest.xml:13:9-41
		REJECTED from [:updatelib-release:] AndroidManifest.xml:13:9-41
	android:supportsRtl
		ADDED from [:updatelib-release:] AndroidManifest.xml:14:9-35
	android:hardwareAccelerated
		ADDED from src\main\AndroidManifest.xml:32:9-43
	android:allowBackup
		ADDED from src\main\AndroidManifest.xml:31:9-35
	android:icon
		ADDED from src\main\AndroidManifest.xml:33:9-43
	android:largeHeap
		ADDED from src\main\AndroidManifest.xml:35:9-33
	android:theme
		ADDED from src\main\AndroidManifest.xml:36:9-40
	tools:replace
		ADDED from src\main\AndroidManifest.xml:37:9-38
	android:name
		ADDED from src\main\AndroidManifest.xml:30:9-47
activity#com.konsung.activity.MainActivity
ADDED from src\main\AndroidManifest.xml:39:9-46:20
	android:screenOrientation
		ADDED from src\main\AndroidManifest.xml:43:13-50
	android:exported
		ADDED from src\main\AndroidManifest.xml:42:13-37
	android:windowSoftInputMode
		ADDED from src\main\AndroidManifest.xml:44:13-52
	android:configChanges
		ADDED from src\main\AndroidManifest.xml:41:13-79
	android:name
		ADDED from src\main\AndroidManifest.xml:40:13-50
activity#com.konsung.activity.LoginActivity
ADDED from src\main\AndroidManifest.xml:47:9-61:20
	android:screenOrientation
		ADDED from src\main\AndroidManifest.xml:50:13-50
	android:launchMode
		ADDED from src\main\AndroidManifest.xml:52:13-48
	android:windowSoftInputMode
		ADDED from src\main\AndroidManifest.xml:51:13-55
	android:configChanges
		ADDED from src\main\AndroidManifest.xml:49:13-70
	android:name
		ADDED from src\main\AndroidManifest.xml:48:13-51
intent-filter#android.intent.action.MAIN+android.intent.category.DEFAULT+android.intent.category.HOME+android.intent.category.LAUNCHER
ADDED from src\main\AndroidManifest.xml:54:13-60:29
action#android.intent.action.MAIN
ADDED from src\main\AndroidManifest.xml:55:17-68
	android:name
		ADDED from src\main\AndroidManifest.xml:55:25-66
category#android.intent.category.LAUNCHER
ADDED from src\main\AndroidManifest.xml:57:17-76
	android:name
		ADDED from src\main\AndroidManifest.xml:57:27-74
category#android.intent.category.HOME
ADDED from src\main\AndroidManifest.xml:58:17-72
	android:name
		ADDED from src\main\AndroidManifest.xml:58:27-70
category#android.intent.category.DEFAULT
ADDED from src\main\AndroidManifest.xml:59:17-75
	android:name
		ADDED from src\main\AndroidManifest.xml:59:27-73
activity#com.konsung.activity.BaseActivity
ADDED from src\main\AndroidManifest.xml:62:9-65:58
	android:label
		ADDED from src\main\AndroidManifest.xml:65:13-56
	android:configChanges
		ADDED from src\main\AndroidManifest.xml:64:13-43
	android:name
		ADDED from src\main\AndroidManifest.xml:63:13-50
activity#com.konsung.fileselect.MyFileManager
ADDED from src\main\AndroidManifest.xml:66:9-69:58
	android:label
		ADDED from src\main\AndroidManifest.xml:69:13-56
	android:configChanges
		ADDED from src\main\AndroidManifest.xml:68:13-43
	android:name
		ADDED from src\main\AndroidManifest.xml:67:13-53
activity#com.konsung.fileselect.MyImportFileManager
ADDED from src\main\AndroidManifest.xml:70:9-73:58
	android:label
		ADDED from src\main\AndroidManifest.xml:73:13-56
	android:configChanges
		ADDED from src\main\AndroidManifest.xml:72:13-43
	android:name
		ADDED from src\main\AndroidManifest.xml:71:13-59
activity#com.konsung.fileselect.SelectHelpFile
ADDED from src\main\AndroidManifest.xml:74:9-77:58
	android:label
		ADDED from src\main\AndroidManifest.xml:77:13-56
	android:configChanges
		ADDED from src\main\AndroidManifest.xml:76:13-43
	android:name
		ADDED from src\main\AndroidManifest.xml:75:13-54
activity#com.konsung.activity.PatientListActivity
ADDED from src\main\AndroidManifest.xml:79:9-84:15
	android:label
		ADDED from src\main\AndroidManifest.xml:82:13-56
	android:launchMode
		ADDED from src\main\AndroidManifest.xml:83:13-43
	android:configChanges
		ADDED from src\main\AndroidManifest.xml:81:13-43
	android:name
		ADDED from src\main\AndroidManifest.xml:80:13-57
service#com.konsung.service.AIDLServer
ADDED from src\main\AndroidManifest.xml:86:9-93:19
	android:enabled
		ADDED from src\main\AndroidManifest.xml:88:13-35
	android:exported
		ADDED from src\main\AndroidManifest.xml:89:13-36
	android:name
		ADDED from src\main\AndroidManifest.xml:87:13-47
intent-filter#com.konsung.aidlServer
ADDED from src\main\AndroidManifest.xml:90:13-92:29
action#com.konsung.aidlServer
ADDED from src\main\AndroidManifest.xml:91:17-64
	android:name
		ADDED from src\main\AndroidManifest.xml:91:25-62
activity#com.konsung.activity.RegisterActivity
ADDED from src\main\AndroidManifest.xml:95:9-100:20
	android:label
		ADDED from src\main\AndroidManifest.xml:98:13-60
	android:windowSoftInputMode
		ADDED from src\main\AndroidManifest.xml:99:13-55
	android:configChanges
		ADDED from src\main\AndroidManifest.xml:97:13-43
	android:name
		ADDED from src\main\AndroidManifest.xml:96:13-54
activity#com.konsung.activity.UpdateProgressActivity
ADDED from src\main\AndroidManifest.xml:101:9-104:20
	android:theme
		ADDED from src\main\AndroidManifest.xml:103:13-50
	android:name
		ADDED from src\main\AndroidManifest.xml:102:13-60
activity#com.konsung.activity.MeasureActivity
ADDED from src\main\AndroidManifest.xml:105:9-107:20
	android:screenOrientation
		ADDED from src\main\AndroidManifest.xml:106:20-57
	android:name
		ADDED from src\main\AndroidManifest.xml:105:19-59
activity#com.konsung.activity.SystemActivity
ADDED from src\main\AndroidManifest.xml:108:9-110:20
	android:screenOrientation
		ADDED from src\main\AndroidManifest.xml:109:13-50
	android:name
		ADDED from src\main\AndroidManifest.xml:108:19-58
activity#com.konsung.activity.TeleEcgActivity
ADDED from src\main\AndroidManifest.xml:111:9-112:69
	android:screenOrientation
		ADDED from src\main\AndroidManifest.xml:112:20-57
	android:name
		ADDED from src\main\AndroidManifest.xml:111:19-59
activity#com.konsung.activity.AddPatientActivity
ADDED from src\main\AndroidManifest.xml:113:9-125:20
	android:screenOrientation
		ADDED from src\main\AndroidManifest.xml:114:13-50
	android:name
		ADDED from src\main\AndroidManifest.xml:113:19-62
intent-filter#android.hardware.usb.action.USB_DEVICE_DETACHED
ADDED from src\main\AndroidManifest.xml:115:13-117:29
action#android.hardware.usb.action.USB_DEVICE_DETACHED
ADDED from src\main\AndroidManifest.xml:116:17-89
	android:name
		ADDED from src\main\AndroidManifest.xml:116:25-87
meta-data#android.hardware.usb.action.USB_DEVICE_DETACHED
ADDED from src\main\AndroidManifest.xml:119:13-121:56
	android:resource
		ADDED from src\main\AndroidManifest.xml:121:17-54
	android:name
		ADDED from src\main\AndroidManifest.xml:120:17-79
meta-data#android.hardware.usb.action.USB_DEVICE_ATTACHED
ADDED from src\main\AndroidManifest.xml:122:13-124:56
	android:resource
		ADDED from src\main\AndroidManifest.xml:124:17-54
	android:name
		ADDED from src\main\AndroidManifest.xml:123:17-79
activity#com.konsung.activity.ReportListActivity
ADDED from src\main\AndroidManifest.xml:127:9-128:58
	android:screenOrientation
		ADDED from src\main\AndroidManifest.xml:128:19-56
	android:name
		ADDED from src\main\AndroidManifest.xml:127:19-62
activity#com.konsung.activity.ReportDetailActivity
ADDED from src\main\AndroidManifest.xml:129:9-132:15
	android:screenOrientation
		ADDED from src\main\AndroidManifest.xml:130:20-57
	android:launchMode
		ADDED from src\main\AndroidManifest.xml:131:20-50
	android:name
		ADDED from src\main\AndroidManifest.xml:129:19-64
activity#com.konsung.activity.QuickCheckModifyActivity
ADDED from src\main\AndroidManifest.xml:133:9-70
	android:name
		ADDED from src\main\AndroidManifest.xml:133:19-68
activity#com.konsung.activity.PatientDownloadActivity
ADDED from src\main\AndroidManifest.xml:134:9-69
	android:name
		ADDED from src\main\AndroidManifest.xml:134:19-67
receiver#com.konsung.receiver.AppInstallReceiver
ADDED from src\main\AndroidManifest.xml:135:9-143:20
	android:label
		ADDED from src\main\AndroidManifest.xml:136:20-52
	android:name
		ADDED from src\main\AndroidManifest.xml:135:19-62
intent-filter#android.intent.action.PACKAGE_ADDED+android.intent.action.PACKAGE_REMOVED+android.intent.action.PACKAGE_REPLACED
ADDED from src\main\AndroidManifest.xml:137:13-142:29
action#android.intent.action.PACKAGE_ADDED
ADDED from src\main\AndroidManifest.xml:138:17-78
	android:name
		ADDED from src\main\AndroidManifest.xml:138:25-75
action#android.intent.action.PACKAGE_REPLACED
ADDED from src\main\AndroidManifest.xml:139:17-81
	android:name
		ADDED from src\main\AndroidManifest.xml:139:25-78
action#android.intent.action.PACKAGE_REMOVED
ADDED from src\main\AndroidManifest.xml:140:17-80
	android:name
		ADDED from src\main\AndroidManifest.xml:140:25-77
data
ADDED from src\main\AndroidManifest.xml:141:17-50
	android:scheme
		ADDED from src\main\AndroidManifest.xml:141:23-47
provider#com.konsung.provider.ServiceProvider
ADDED from src\main\AndroidManifest.xml:144:9-146:38
	android:authorities
		ADDED from src\main\AndroidManifest.xml:145:13-50
	android:exported
		ADDED from src\main\AndroidManifest.xml:146:13-36
	android:name
		ADDED from src\main\AndroidManifest.xml:144:19-70
service#com.konsung.service.FileObserverService
ADDED from src\main\AndroidManifest.xml:147:9-63
	android:name
		ADDED from src\main\AndroidManifest.xml:147:18-61
uses-sdk
INJECTED from src\main\AndroidManifest.xml reason: use-sdk injection requested
MERGED from [com.android.support:appcompat-v7:21.0.3] AndroidManifest.xml:15:5-42
MERGED from [com.github.eluleci:flatui:3.0.0] AndroidManifest.xml:5:5-7:41
MERGED from [com.github.citux:datetimepicker:0.1.2] AndroidManifest.xml:22:5-24:41
MERGED from [com.android.support:support-v13:21.0.0] AndroidManifest.xml:15:5-43
MERGED from [com.github.barteksc:android-pdf-viewer:1.1.2] AndroidManifest.xml:7:5-9:41
MERGED from [com.github.barteksc:pdfium-android:1.1.0] AndroidManifest.xml:7:5-9:41
MERGED from [com.bigkoo:pickerview:2.0.0] AndroidManifest.xml:7:5-9:41
MERGED from [com.github.chrisbanes.photoview:library:1.2.4] AndroidManifest.xml:7:5-9:41
MERGED from [com.android.support:support-v4:23.1.1] AndroidManifest.xml:20:5-43
MERGED from [com.tencent.bugly:crashreport:2.6.6.1] AndroidManifest.xml:5:5-7:41
MERGED from [com.tencent.bugly:nativecrashreport:3.3.1] AndroidManifest.xml:5:5-7:41
MERGED from [:updatelib-release:] AndroidManifest.xml:7:5-9:41
MERGED from [com.squareup.leakcanary:leakcanary-android:1.5] AndroidManifest.xml:20:5-22:41
	android:targetSdkVersion
		INJECTED from src\main\AndroidManifest.xml
		INJECTED from src\main\AndroidManifest.xml
	android:minSdkVersion
		INJECTED from src\main\AndroidManifest.xml
		INJECTED from src\main\AndroidManifest.xml
uses-permission#android.permission.VIBRATE
ADDED from [com.github.citux:datetimepicker:0.1.2] AndroidManifest.xml:26:5-66
	android:name
		ADDED from [com.github.citux:datetimepicker:0.1.2] AndroidManifest.xml:26:22-63
uses-permission#android.permission.READ_EXTERNAL_STORAGE
ADDED from [com.squareup.leakcanary:leakcanary-android:1.5] AndroidManifest.xml:25:5-80
IMPLIED from src\main\AndroidManifest.xml:2:1-149:12 reason: com.squareup.leakcanary requested WRITE_EXTERNAL_STORAGE
	android:name
		ADDED from [com.squareup.leakcanary:leakcanary-android:1.5] AndroidManifest.xml:25:22-77
service#com.squareup.leakcanary.internal.HeapAnalyzerService
ADDED from [com.squareup.leakcanary:leakcanary-android:1.5] AndroidManifest.xml:29:9-32:45
	android:enabled
		ADDED from [com.squareup.leakcanary:leakcanary-android:1.5] AndroidManifest.xml:31:13-36
	android:process
		ADDED from [com.squareup.leakcanary:leakcanary-android:1.5] AndroidManifest.xml:32:13-42
	android:name
		ADDED from [com.squareup.leakcanary:leakcanary-android:1.5] AndroidManifest.xml:30:13-80
service#com.squareup.leakcanary.DisplayLeakService
ADDED from [com.squareup.leakcanary:leakcanary-android:1.5] AndroidManifest.xml:33:9-35:39
	android:enabled
		ADDED from [com.squareup.leakcanary:leakcanary-android:1.5] AndroidManifest.xml:35:13-36
	android:name
		ADDED from [com.squareup.leakcanary:leakcanary-android:1.5] AndroidManifest.xml:34:13-70
activity#com.squareup.leakcanary.internal.DisplayLeakActivity
ADDED from [com.squareup.leakcanary:leakcanary-android:1.5] AndroidManifest.xml:37:9-49:20
	android:enabled
		ADDED from [com.squareup.leakcanary:leakcanary-android:1.5] AndroidManifest.xml:39:13-36
	android:label
		ADDED from [com.squareup.leakcanary:leakcanary-android:1.5] AndroidManifest.xml:41:13-71
	android:icon
		ADDED from [com.squareup.leakcanary:leakcanary-android:1.5] AndroidManifest.xml:40:13-54
	android:theme
		ADDED from [com.squareup.leakcanary:leakcanary-android:1.5] AndroidManifest.xml:43:13-63
	android:taskAffinity
		ADDED from [com.squareup.leakcanary:leakcanary-android:1.5] AndroidManifest.xml:42:13-59
	android:name
		ADDED from [com.squareup.leakcanary:leakcanary-android:1.5] AndroidManifest.xml:38:13-80
intent-filter#android.intent.action.MAIN+android.intent.category.LAUNCHER
ADDED from [com.squareup.leakcanary:leakcanary-android:1.5] AndroidManifest.xml:44:13-48:29
activity#com.squareup.leakcanary.internal.RequestStoragePermissionActivity
ADDED from [com.squareup.leakcanary:leakcanary-android:1.5] AndroidManifest.xml:50:9-56:68
	android:enabled
		ADDED from [com.squareup.leakcanary:leakcanary-android:1.5] AndroidManifest.xml:52:13-36
	android:label
		ADDED from [com.squareup.leakcanary:leakcanary-android:1.5] AndroidManifest.xml:54:13-82
	android:icon
		ADDED from [com.squareup.leakcanary:leakcanary-android:1.5] AndroidManifest.xml:53:13-54
	android:theme
		ADDED from [com.squareup.leakcanary:leakcanary-android:1.5] AndroidManifest.xml:56:13-65
	android:taskAffinity
		ADDED from [com.squareup.leakcanary:leakcanary-android:1.5] AndroidManifest.xml:55:13-59
	android:name
		ADDED from [com.squareup.leakcanary:leakcanary-android:1.5] AndroidManifest.xml:51:13-93